*** Starting uWSGI 2.0.18 (64bit) on [Mon Nov 11 23:06:40 2019] ***
compiled with version: 7.4.0 on 24 October 2019 08:57:07
os: Linux-5.0.0-32-generic #34~18.04.2-Ubuntu SMP Thu Oct 10 10:36:02 UTC 2019
nodename: tarena
machine: x86_64
clock source: unix
detected number of CPU cores: 4
current working directory: /home/tarena/order_project/take_out_system
writing pidfile to uwsgi.pid
detected binary path: /usr/local/bin/uwsgi
!!! no internal routing support, rebuild with pcre support !!!
chdir() to /home/tarena/order_project/take_out_system
your processes number limit is 63485
your memory page size is 4096 bytes
detected max file descriptor number: 1024
lock engine: pthread robust mutexes
thunder lock: disabled (you can enable it with --thunder-lock)
uwsgi socket 0 bound to TCP address 127.0.0.1:8000 fd 3
Python version: 3.6.8 (default, Oct  7 2019, 12:59:55)  [GCC 8.3.0]
Python main interpreter initialized at 0x55991d3d1a00
python threads support enabled
your server socket listen backlog is limited to 100 connections
your mercy for graceful operations on workers is 60 seconds
mapped 166688 bytes (162 KB) for 2 cores
*** Operational MODE: threaded ***
WSGI app 0 (mountpoint='') ready in 0 seconds on interpreter 0x55991d3d1a00 pid: 28294 (default app)
*** uWSGI is running in multiple interpreter mode ***
spawned uWSGI master process (pid: 28294)
spawned uWSGI worker 1 (pid: 28296, cores: 2)
...brutally killing workers...
worker 1 buried after 1 seconds
binary reloading uWSGI...
chdir() to /home/tarena/order_project/take_out_system
closing all non-uwsgi socket fds > 2 (max_fd = 1024)...
found fd 3 mapped to socket 0 (127.0.0.1:8000)
running /usr/local/bin/uwsgi
[uWSGI] getting INI configuration from uwsgi.ini
*** Starting uWSGI 2.0.18 (64bit) on [Mon Nov 11 23:08:04 2019] ***
compiled with version: 7.4.0 on 24 October 2019 08:57:07
os: Linux-5.0.0-32-generic #34~18.04.2-Ubuntu SMP Thu Oct 10 10:36:02 UTC 2019
nodename: tarena
machine: x86_64
clock source: unix
detected number of CPU cores: 4
current working directory: /home/tarena/order_project/take_out_system
detected binary path: /usr/local/bin/uwsgi
!!! no internal routing support, rebuild with pcre support !!!
chdir() to /home/tarena/order_project/take_out_system
your processes number limit is 63485
your memory page size is 4096 bytes
detected max file descriptor number: 1024
lock engine: pthread robust mutexes
thunder lock: disabled (you can enable it with --thunder-lock)
uwsgi socket 0 inherited INET address 127.0.0.1:8000 fd 3
Python version: 3.6.8 (default, Oct  7 2019, 12:59:55)  [GCC 8.3.0]
Python main interpreter initialized at 0x562fb3e3f310
python threads support enabled
your server socket listen backlog is limited to 100 connections
your mercy for graceful operations on workers is 60 seconds
mapped 166688 bytes (162 KB) for 2 cores
*** Operational MODE: threaded ***
WSGI app 0 (mountpoint='') ready in 0 seconds on interpreter 0x562fb3e3f310 pid: 28294 (default app)
*** uWSGI is running in multiple interpreter mode ***
gracefully (RE)spawned uWSGI master process (pid: 28294)
spawned uWSGI worker 1 (pid: 28350, cores: 2)
DAMN ! worker 1 (pid: 28350) died, killed by signal 9 :( trying respawn ...
Respawned uWSGI worker 1 (new pid: 28354)
DAMN ! worker 1 (pid: 28354) died, killed by signal 9 :( trying respawn ...
Respawned uWSGI worker 1 (new pid: 28360)
DAMN ! worker 1 (pid: 28360) died, killed by signal 9 :( trying respawn ...
Respawned uWSGI worker 1 (new pid: 28370)
Mon Nov 11 23:09:07 2019 - uWSGI worker 1 screams: UAAAAAAH my master disconnected: i will kill myself !!!
Mon Nov 11 23:09:07 2019 - uWSGI worker 1 screams: UAAAAAAH my master disconnected: i will kill myself !!!
*** Starting uWSGI 2.0.18 (64bit) on [Mon Nov 11 23:09:32 2019] ***
compiled with version: 7.4.0 on 24 October 2019 08:57:07
os: Linux-5.0.0-32-generic #34~18.04.2-Ubuntu SMP Thu Oct 10 10:36:02 UTC 2019
nodename: tarena
machine: x86_64
clock source: unix
detected number of CPU cores: 4
current working directory: /home/tarena/order_project/take_out_system
writing pidfile to uwsgi.pid
detected binary path: /usr/local/bin/uwsgi
!!! no internal routing support, rebuild with pcre support !!!
uWSGI running as root, you can use --uid/--gid/--chroot options
*** WARNING: you are running uWSGI as root !!! (use the --uid flag) *** 
chdir() to /home/tarena/order_project/take_out_system
your processes number limit is 63485
your memory page size is 4096 bytes
detected max file descriptor number: 1024
lock engine: pthread robust mutexes
thunder lock: disabled (you can enable it with --thunder-lock)
uwsgi socket 0 bound to TCP address 127.0.0.1:8000 fd 3
uWSGI running as root, you can use --uid/--gid/--chroot options
*** WARNING: you are running uWSGI as root !!! (use the --uid flag) *** 
Python version: 3.6.8 (default, Oct  7 2019, 12:59:55)  [GCC 8.3.0]
Python main interpreter initialized at 0x564a84782f90
uWSGI running as root, you can use --uid/--gid/--chroot options
*** WARNING: you are running uWSGI as root !!! (use the --uid flag) *** 
python threads support enabled
your server socket listen backlog is limited to 100 connections
your mercy for graceful operations on workers is 60 seconds
mapped 166688 bytes (162 KB) for 2 cores
*** Operational MODE: threaded ***
WSGI app 0 (mountpoint='') ready in 0 seconds on interpreter 0x564a84782f90 pid: 28392 (default app)
uWSGI running as root, you can use --uid/--gid/--chroot options
*** WARNING: you are running uWSGI as root !!! (use the --uid flag) *** 
*** uWSGI is running in multiple interpreter mode ***
spawned uWSGI master process (pid: 28392)
spawned uWSGI worker 1 (pid: 28394, cores: 2)
invalid request block size: 21573 (max 4096)...skip
invalid request block size: 21573 (max 4096)...skip
invalid request block size: 21573 (max 4096)...skip
invalid request block size: 21573 (max 4096)...skip
invalid request block size: 21573 (max 4096)...skip
invalid request block size: 21573 (max 4096)...skip
invalid request block size: 21573 (max 4096)...skip
invalid request block size: 21573 (max 4096)...skip
invalid request block size: 21573 (max 4096)...skip
invalid request block size: 21573 (max 4096)...skip
invalid request block size: 21573 (max 4096)...skip
invalid request block size: 21573 (max 4096)...skip
invalid request block size: 21573 (max 4096)...skip
invalid request block size: 21573 (max 4096)...skip
invalid request block size: 21573 (max 4096)...skip
invalid request block size: 21573 (max 4096)...skip
invalid request block size: 21573 (max 4096)...skip
invalid request block size: 21573 (max 4096)...skip
invalid request block size: 21573 (max 4096)...skip
invalid request block size: 21573 (max 4096)...skip
invalid request block size: 21573 (max 4096)...skip
invalid request block size: 21573 (max 4096)...skip
invalid request block size: 21573 (max 4096)...skip
invalid request block size: 21573 (max 4096)...skip
invalid request block size: 21573 (max 4096)...skip
invalid request block size: 21573 (max 4096)...skip
invalid request block size: 21573 (max 4096)...skip
invalid request block size: 21573 (max 4096)...skip
invalid request block size: 21573 (max 4096)...skip
invalid request block size: 21573 (max 4096)...skip
invalid request block size: 21573 (max 4096)...skip
invalid request block size: 21573 (max 4096)...skip
invalid request block size: 21573 (max 4096)...skip
invalid request block size: 21573 (max 4096)...skip
invalid request block size: 21573 (max 4096)...skip
invalid request block size: 21573 (max 4096)...skip
invalid request block size: 21573 (max 4096)...skip
invalid request block size: 21573 (max 4096)...skip
invalid request block size: 21573 (max 4096)...skip
invalid request block size: 21573 (max 4096)...skip
invalid request block size: 21573 (max 4096)...skip
invalid request block size: 21573 (max 4096)...skip
invalid request block size: 21573 (max 4096)...skip
invalid request block size: 21573 (max 4096)...skip
invalid request block size: 21573 (max 4096)...skip
invalid request block size: 21573 (max 4096)...skip
invalid request block size: 21573 (max 4096)...skip
invalid request block size: 21573 (max 4096)...skip
invalid request block size: 21573 (max 4096)...skip
invalid request block size: 21573 (max 4096)...skip
invalid request block size: 21573 (max 4096)...skip
invalid request block size: 21573 (max 4096)...skip
invalid request block size: 21573 (max 4096)...skip
invalid request block size: 21573 (max 4096)...skip
invalid request block size: 21573 (max 4096)...skip
invalid request block size: 21573 (max 4096)...skip
invalid request block size: 21573 (max 4096)...skip
invalid request block size: 21573 (max 4096)...skip
invalid request block size: 21573 (max 4096)...skip
invalid request block size: 21573 (max 4096)...skip
invalid request block size: 21573 (max 4096)...skip
invalid request block size: 21573 (max 4096)...skip
invalid request block size: 21573 (max 4096)...skip
invalid request block size: 21573 (max 4096)...skip
invalid request block size: 21573 (max 4096)...skip
invalid request block size: 21573 (max 4096)...skip
invalid request block size: 21573 (max 4096)...skip
invalid request block size: 21573 (max 4096)...skip
invalid request block size: 21573 (max 4096)...skip
invalid request block size: 21573 (max 4096)...skip
invalid request block size: 21573 (max 4096)...skip
invalid request block size: 21573 (max 4096)...skip
invalid request block size: 21573 (max 4096)...skip
invalid request block size: 21573 (max 4096)...skip
invalid request block size: 21573 (max 4096)...skip
invalid request block size: 21573 (max 4096)...skip
invalid request block size: 21573 (max 4096)...skip
invalid request block size: 21573 (max 4096)...skip
invalid request block size: 21573 (max 4096)...skip
invalid request block size: 21573 (max 4096)...skip
invalid request block size: 21573 (max 4096)...skip
invalid request block size: 21573 (max 4096)...skip
invalid request block size: 21573 (max 4096)...skip
invalid request block size: 21573 (max 4096)...skip
invalid request block size: 21573 (max 4096)...skip
invalid request block size: 21573 (max 4096)...skip
invalid request block size: 21573 (max 4096)...skip
invalid request block size: 21573 (max 4096)...skip
invalid request block size: 21573 (max 4096)...skip
invalid request block size: 21573 (max 4096)...skip
invalid request block size: 21573 (max 4096)...skip
invalid request block size: 21573 (max 4096)...skip
invalid request block size: 21573 (max 4096)...skip
invalid request block size: 21573 (max 4096)...skip
invalid request block size: 21573 (max 4096)...skip
invalid request block size: 21573 (max 4096)...skip
invalid request block size: 21573 (max 4096)...skip
invalid request block size: 21573 (max 4096)...skip
invalid request block size: 21573 (max 4096)...skip
invalid request block size: 21573 (max 4096)...skip
invalid request block size: 21573 (max 4096)...skip
invalid request block size: 21573 (max 4096)...skip
invalid request block size: 21573 (max 4096)...skip
invalid request block size: 21573 (max 4096)...skip
invalid request block size: 21573 (max 4096)...skip
invalid request block size: 21573 (max 4096)...skip
invalid request block size: 21573 (max 4096)...skip
invalid request block size: 21573 (max 4096)...skip
invalid request block size: 21573 (max 4096)...skip
invalid request block size: 21573 (max 4096)...skip
invalid request block size: 21573 (max 4096)...skip
invalid request block size: 21573 (max 4096)...skip
invalid request block size: 21573 (max 4096)...skip
invalid request block size: 21573 (max 4096)...skip
invalid request block size: 21573 (max 4096)...skip
invalid request block size: 21573 (max 4096)...skip
invalid request block size: 21573 (max 4096)...skip
invalid request block size: 21573 (max 4096)...skip
invalid request block size: 21573 (max 4096)...skip
invalid request block size: 21573 (max 4096)...skip
invalid request block size: 21573 (max 4096)...skip
invalid request block size: 21573 (max 4096)...skip
invalid request block size: 21573 (max 4096)...skip
invalid request block size: 21573 (max 4096)...skip
invalid request block size: 21573 (max 4096)...skip
invalid request block size: 21573 (max 4096)...skip
invalid request block size: 21573 (max 4096)...skip
invalid request block size: 21573 (max 4096)...skip
invalid request block size: 21573 (max 4096)...skip
invalid request block size: 21573 (max 4096)...skip
invalid request block size: 21573 (max 4096)...skip
invalid request block size: 21573 (max 4096)...skip
invalid request block size: 21573 (max 4096)...skip
invalid request block size: 21573 (max 4096)...skip
invalid request block size: 21573 (max 4096)...skip
invalid request block size: 21573 (max 4096)...skip
invalid request block size: 21573 (max 4096)...skip
invalid request block size: 21573 (max 4096)...skip
invalid request block size: 21573 (max 4096)...skip
invalid request block size: 21573 (max 4096)...skip
[pid: 28394|app: 0|req: 1/1] 127.0.0.1 () {42 vars in 737 bytes} [Mon Nov 11 23:11:13 2019] GET /index/ => generated 4421 bytes in 93 msecs (HTTP/1.1 200) 3 headers in 110 bytes (1 switches on core 1)
invalid request block size: 21584 (max 4096)...skip
invalid request block size: 21584 (max 4096)...skip
invalid request block size: 21584 (max 4096)...skip
invalid request block size: 21584 (max 4096)...skip
invalid request block size: 21584 (max 4096)...skip
invalid request block size: 21584 (max 4096)...skip
invalid request block size: 21584 (max 4096)...skip
invalid request block size: 21584 (max 4096)...skip
invalid request block size: 21584 (max 4096)...skip
invalid request block size: 21584 (max 4096)...skip
[pid: 28394|app: 0|req: 2/2] 127.0.0.1 () {44 vars in 768 bytes} [Mon Nov 11 23:11:22 2019] GET /index/ => generated 4421 bytes in 2 msecs (HTTP/1.1 200) 3 headers in 110 bytes (1 switches on core 0)
invalid request block size: 21584 (max 4096)...skip
invalid request block size: 21584 (max 4096)...skip
invalid request block size: 21584 (max 4096)...skip
invalid request block size: 21584 (max 4096)...skip
invalid request block size: 21584 (max 4096)...skip
invalid request block size: 21584 (max 4096)...skip
invalid request block size: 21584 (max 4096)...skip
invalid request block size: 21584 (max 4096)...skip
invalid request block size: 21584 (max 4096)...skip
invalid request block size: 21584 (max 4096)...skip
invalid request block size: 21584 (max 4096)...skip
invalid request block size: 21584 (max 4096)...skip
invalid request block size: 21584 (max 4096)...skip
invalid request block size: 21584 (max 4096)...skip
invalid request block size: 21584 (max 4096)...skip
invalid request block size: 21584 (max 4096)...skip
invalid request block size: 21584 (max 4096)...skip
invalid request block size: 21584 (max 4096)...skip
invalid request block size: 21584 (max 4096)...skip
invalid request block size: 21584 (max 4096)...skip
invalid request block size: 21584 (max 4096)...skip
invalid request block size: 21584 (max 4096)...skip
invalid request block size: 21584 (max 4096)...skip
invalid request block size: 21584 (max 4096)...skip
invalid request block size: 21584 (max 4096)...skip
invalid request block size: 21584 (max 4096)...skip
invalid request block size: 21584 (max 4096)...skip
invalid request block size: 21584 (max 4096)...skip
invalid request block size: 21584 (max 4096)...skip
invalid request block size: 21584 (max 4096)...skip
invalid request block size: 21584 (max 4096)...skip
invalid request block size: 21584 (max 4096)...skip
invalid request block size: 21584 (max 4096)...skip
invalid request block size: 21584 (max 4096)...skip
invalid request block size: 21584 (max 4096)...skip
invalid request block size: 21584 (max 4096)...skip
invalid request block size: 21584 (max 4096)...skip
invalid request block size: 21584 (max 4096)...skip
invalid request block size: 21584 (max 4096)...skip
invalid request block size: 21584 (max 4096)...skip
invalid request block size: 21584 (max 4096)...skip
invalid request block size: 21584 (max 4096)...skip
invalid request block size: 21584 (max 4096)...skip
invalid request block size: 21584 (max 4096)...skip
invalid request block size: 21584 (max 4096)...skip
invalid request block size: 21584 (max 4096)...skip
invalid request block size: 21584 (max 4096)...skip
invalid request block size: 21584 (max 4096)...skip
invalid request block size: 21584 (max 4096)...skip
invalid request block size: 21584 (max 4096)...skip
invalid request block size: 21584 (max 4096)...skip
invalid request block size: 21584 (max 4096)...skip
invalid request block size: 21584 (max 4096)...skip
invalid request block size: 21584 (max 4096)...skip
invalid request block size: 21584 (max 4096)...skip
invalid request block size: 21584 (max 4096)...skip
invalid request block size: 21584 (max 4096)...skip
invalid request block size: 21584 (max 4096)...skip
invalid request block size: 21584 (max 4096)...skip
invalid request block size: 21584 (max 4096)...skip
[pid: 28394|app: 0|req: 3/3] 127.0.0.1 () {44 vars in 768 bytes} [Mon Nov 11 23:11:40 2019] GET /index/ => generated 4421 bytes in 1 msecs (HTTP/1.1 200) 3 headers in 110 bytes (1 switches on core 0)
invalid request block size: 21584 (max 4096)...skip
invalid request block size: 21584 (max 4096)...skip
invalid request block size: 21584 (max 4096)...skip
invalid request block size: 21584 (max 4096)...skip
invalid request block size: 21584 (max 4096)...skip
invalid request block size: 21584 (max 4096)...skip
invalid request block size: 21584 (max 4096)...skip
invalid request block size: 21584 (max 4096)...skip
invalid request block size: 21584 (max 4096)...skip
invalid request block size: 21584 (max 4096)...skip
invalid request block size: 21584 (max 4096)...skip
invalid request block size: 21584 (max 4096)...skip
invalid request block size: 21584 (max 4096)...skip
invalid request block size: 21584 (max 4096)...skip
invalid request block size: 21584 (max 4096)...skip
invalid request block size: 21584 (max 4096)...skip
invalid request block size: 21584 (max 4096)...skip
invalid request block size: 21584 (max 4096)...skip
invalid request block size: 21584 (max 4096)...skip
invalid request block size: 21584 (max 4096)...skip
[pid: 28394|app: 0|req: 4/4] 127.0.0.1 () {44 vars in 768 bytes} [Mon Nov 11 23:11:42 2019] GET /index/ => generated 4421 bytes in 1 msecs (HTTP/1.1 200) 3 headers in 110 bytes (1 switches on core 0)
invalid request block size: 21584 (max 4096)...skip
invalid request block size: 21584 (max 4096)...skip
invalid request block size: 21584 (max 4096)...skip
invalid request block size: 21584 (max 4096)...skip
invalid request block size: 21584 (max 4096)...skip
invalid request block size: 21584 (max 4096)...skip
invalid request block size: 21584 (max 4096)...skip
invalid request block size: 21584 (max 4096)...skip
invalid request block size: 21584 (max 4096)...skip
invalid request block size: 21584 (max 4096)...skip
[pid: 28394|app: 0|req: 5/5] 127.0.0.1 () {44 vars in 768 bytes} [Mon Nov 11 23:11:46 2019] GET /index/ => generated 4421 bytes in 1 msecs (HTTP/1.1 200) 3 headers in 110 bytes (1 switches on core 1)
invalid request block size: 21584 (max 4096)...skip
invalid request block size: 21584 (max 4096)...skip
invalid request block size: 21584 (max 4096)...skip
invalid request block size: 21584 (max 4096)...skip
invalid request block size: 21584 (max 4096)...skip
invalid request block size: 21584 (max 4096)...skip
invalid request block size: 21584 (max 4096)...skip
invalid request block size: 21584 (max 4096)...skip
invalid request block size: 21584 (max 4096)...skip
invalid request block size: 21584 (max 4096)...skip
invalid request block size: 21584 (max 4096)...skip
invalid request block size: 21584 (max 4096)...skip
invalid request block size: 21584 (max 4096)...skip
invalid request block size: 21584 (max 4096)...skip
invalid request block size: 21584 (max 4096)...skip
invalid request block size: 21584 (max 4096)...skip
invalid request block size: 21584 (max 4096)...skip
invalid request block size: 21584 (max 4096)...skip
invalid request block size: 21584 (max 4096)...skip
invalid request block size: 21584 (max 4096)...skip
invalid request block size: 21584 (max 4096)...skip
invalid request block size: 21584 (max 4096)...skip
invalid request block size: 21584 (max 4096)...skip
invalid request block size: 21584 (max 4096)...skip
invalid request block size: 21584 (max 4096)...skip
invalid request block size: 21584 (max 4096)...skip
invalid request block size: 21584 (max 4096)...skip
invalid request block size: 21584 (max 4096)...skip
invalid request block size: 21584 (max 4096)...skip
invalid request block size: 21584 (max 4096)...skip
invalid request block size: 21584 (max 4096)...skip
invalid request block size: 21584 (max 4096)...skip
invalid request block size: 21584 (max 4096)...skip
invalid request block size: 21584 (max 4096)...skip
invalid request block size: 21584 (max 4096)...skip
invalid request block size: 21584 (max 4096)...skip
invalid request block size: 21584 (max 4096)...skip
invalid request block size: 21584 (max 4096)...skip
invalid request block size: 21584 (max 4096)...skip
invalid request block size: 21584 (max 4096)...skip
invalid request block size: 21584 (max 4096)...skip
invalid request block size: 21584 (max 4096)...skip
invalid request block size: 21584 (max 4096)...skip
invalid request block size: 21584 (max 4096)...skip
invalid request block size: 21584 (max 4096)...skip
invalid request block size: 21584 (max 4096)...skip
invalid request block size: 21584 (max 4096)...skip
invalid request block size: 21584 (max 4096)...skip
invalid request block size: 21584 (max 4096)...skip
invalid request block size: 21584 (max 4096)...skip
invalid request block size: 21584 (max 4096)...skip
invalid request block size: 21584 (max 4096)...skip
invalid request block size: 21584 (max 4096)...skip
invalid request block size: 21584 (max 4096)...skip
invalid request block size: 21584 (max 4096)...skip
invalid request block size: 21584 (max 4096)...skip
invalid request block size: 21584 (max 4096)...skip
invalid request block size: 21584 (max 4096)...skip
invalid request block size: 21584 (max 4096)...skip
invalid request block size: 21584 (max 4096)...skip
invalid request block size: 21584 (max 4096)...skip
invalid request block size: 21584 (max 4096)...skip
invalid request block size: 21584 (max 4096)...skip
invalid request block size: 21584 (max 4096)...skip
invalid request block size: 21584 (max 4096)...skip
invalid request block size: 21584 (max 4096)...skip
invalid request block size: 21584 (max 4096)...skip
invalid request block size: 21584 (max 4096)...skip
invalid request block size: 21584 (max 4096)...skip
invalid request block size: 21584 (max 4096)...skip
invalid request block size: 21584 (max 4096)...skip
invalid request block size: 21584 (max 4096)...skip
invalid request block size: 21584 (max 4096)...skip
invalid request block size: 21584 (max 4096)...skip
invalid request block size: 21584 (max 4096)...skip
invalid request block size: 21584 (max 4096)...skip
invalid request block size: 21584 (max 4096)...skip
invalid request block size: 21584 (max 4096)...skip
invalid request block size: 21584 (max 4096)...skip
invalid request block size: 21584 (max 4096)...skip
[pid: 28394|app: 0|req: 6/6] 127.0.0.1 () {42 vars in 737 bytes} [Mon Nov 11 23:12:00 2019] GET /index/ => generated 4421 bytes in 0 msecs (HTTP/1.1 200) 3 headers in 110 bytes (1 switches on core 0)
[pid: 28394|app: 0|req: 7/7] 127.0.0.1 () {42 vars in 737 bytes} [Mon Nov 11 23:12:02 2019] GET /index/ => generated 4421 bytes in 0 msecs (HTTP/1.1 200) 3 headers in 110 bytes (1 switches on core 1)
invalid request block size: 21584 (max 4096)...skip
invalid request block size: 21584 (max 4096)...skip
invalid request block size: 21584 (max 4096)...skip
invalid request block size: 21584 (max 4096)...skip
invalid request block size: 21584 (max 4096)...skip
invalid request block size: 21584 (max 4096)...skip
invalid request block size: 21584 (max 4096)...skip
invalid request block size: 21584 (max 4096)...skip
invalid request block size: 21584 (max 4096)...skip
invalid request block size: 21584 (max 4096)...skip
[pid: 28394|app: 0|req: 8/8] 127.0.0.1 () {44 vars in 768 bytes} [Mon Nov 11 23:12:41 2019] GET /index/ => generated 4421 bytes in 0 msecs (HTTP/1.1 200) 3 headers in 110 bytes (1 switches on core 0)
invalid request block size: 21584 (max 4096)...skip
invalid request block size: 21584 (max 4096)...skip
invalid request block size: 21584 (max 4096)...skip
invalid request block size: 21584 (max 4096)...skip
invalid request block size: 21584 (max 4096)...skip
invalid request block size: 21584 (max 4096)...skip
invalid request block size: 21584 (max 4096)...skip
invalid request block size: 21584 (max 4096)...skip
invalid request block size: 21584 (max 4096)...skip
invalid request block size: 21584 (max 4096)...skip
invalid request block size: 21584 (max 4096)...skip
invalid request block size: 21584 (max 4096)...skip
invalid request block size: 21584 (max 4096)...skip
invalid request block size: 21584 (max 4096)...skip
invalid request block size: 21584 (max 4096)...skip
invalid request block size: 21584 (max 4096)...skip
invalid request block size: 21584 (max 4096)...skip
invalid request block size: 21584 (max 4096)...skip
invalid request block size: 21584 (max 4096)...skip
invalid request block size: 21584 (max 4096)...skip
invalid request block size: 21584 (max 4096)...skip
invalid request block size: 21584 (max 4096)...skip
invalid request block size: 21584 (max 4096)...skip
invalid request block size: 21584 (max 4096)...skip
invalid request block size: 21584 (max 4096)...skip
invalid request block size: 21584 (max 4096)...skip
invalid request block size: 21584 (max 4096)...skip
invalid request block size: 21584 (max 4096)...skip
invalid request block size: 21584 (max 4096)...skip
invalid request block size: 21584 (max 4096)...skip
invalid request block size: 21584 (max 4096)...skip
invalid request block size: 21584 (max 4096)...skip
invalid request block size: 21584 (max 4096)...skip
invalid request block size: 21584 (max 4096)...skip
invalid request block size: 21584 (max 4096)...skip
invalid request block size: 21584 (max 4096)...skip
invalid request block size: 21584 (max 4096)...skip
invalid request block size: 21584 (max 4096)...skip
invalid request block size: 21584 (max 4096)...skip
invalid request block size: 21584 (max 4096)...skip
invalid request block size: 21584 (max 4096)...skip
invalid request block size: 21584 (max 4096)...skip
invalid request block size: 21584 (max 4096)...skip
invalid request block size: 21584 (max 4096)...skip
invalid request block size: 21584 (max 4096)...skip
invalid request block size: 21584 (max 4096)...skip
invalid request block size: 21584 (max 4096)...skip
invalid request block size: 21584 (max 4096)...skip
invalid request block size: 21584 (max 4096)...skip
invalid request block size: 21584 (max 4096)...skip
invalid request block size: 21584 (max 4096)...skip
invalid request block size: 21584 (max 4096)...skip
invalid request block size: 21584 (max 4096)...skip
invalid request block size: 21584 (max 4096)...skip
invalid request block size: 21584 (max 4096)...skip
invalid request block size: 21584 (max 4096)...skip
invalid request block size: 21584 (max 4096)...skip
invalid request block size: 21584 (max 4096)...skip
invalid request block size: 21584 (max 4096)...skip
invalid request block size: 21584 (max 4096)...skip
[pid: 28394|app: 0|req: 9/9] 127.0.0.1 () {44 vars in 768 bytes} [Tue Nov 12 00:08:49 2019] GET /index/ => generated 4421 bytes in 0 msecs (HTTP/1.1 200) 3 headers in 110 bytes (1 switches on core 1)
[pid: 28394|app: 0|req: 10/10] 127.0.0.1 () {44 vars in 768 bytes} [Tue Nov 12 00:08:49 2019] GET /index/ => generated 4421 bytes in 0 msecs (HTTP/1.1 200) 3 headers in 110 bytes (1 switches on core 0)
invalid request block size: 21584 (max 4096)...skip
invalid request block size: 21584 (max 4096)...skip
invalid request block size: 21584 (max 4096)...skip
invalid request block size: 21584 (max 4096)...skip
invalid request block size: 21584 (max 4096)...skip
invalid request block size: 21584 (max 4096)...skip
invalid request block size: 21584 (max 4096)...skip
invalid request block size: 21584 (max 4096)...skip
invalid request block size: 21584 (max 4096)...skip
invalid request block size: 21584 (max 4096)...skip
invalid request block size: 21584 (max 4096)...skip
invalid request block size: 21584 (max 4096)...skip
invalid request block size: 21584 (max 4096)...skip
invalid request block size: 21584 (max 4096)...skip
invalid request block size: 21584 (max 4096)...skip
invalid request block size: 21584 (max 4096)...skip
invalid request block size: 21584 (max 4096)...skip
invalid request block size: 21584 (max 4096)...skip
invalid request block size: 21584 (max 4096)...skip
invalid request block size: 21584 (max 4096)...skip
invalid request block size: 21584 (max 4096)...skip
invalid request block size: 21584 (max 4096)...skip
invalid request block size: 21584 (max 4096)...skip
invalid request block size: 21584 (max 4096)...skip
invalid request block size: 21584 (max 4096)...skip
invalid request block size: 21584 (max 4096)...skip
invalid request block size: 21584 (max 4096)...skip
invalid request block size: 21584 (max 4096)...skip
invalid request block size: 21584 (max 4096)...skip
invalid request block size: 21584 (max 4096)...skip
invalid request block size: 21584 (max 4096)...skip
invalid request block size: 21584 (max 4096)...skip
invalid request block size: 21584 (max 4096)...skip
invalid request block size: 21584 (max 4096)...skip
invalid request block size: 21584 (max 4096)...skip
invalid request block size: 21584 (max 4096)...skip
invalid request block size: 21584 (max 4096)...skip
invalid request block size: 21584 (max 4096)...skip
invalid request block size: 21584 (max 4096)...skip
invalid request block size: 21584 (max 4096)...skip
invalid request block size: 21584 (max 4096)...skip
invalid request block size: 21584 (max 4096)...skip
invalid request block size: 21584 (max 4096)...skip
invalid request block size: 21584 (max 4096)...skip
invalid request block size: 21584 (max 4096)...skip
invalid request block size: 21584 (max 4096)...skip
invalid request block size: 21584 (max 4096)...skip
invalid request block size: 21584 (max 4096)...skip
invalid request block size: 21584 (max 4096)...skip
invalid request block size: 21584 (max 4096)...skip
invalid request block size: 21584 (max 4096)...skip
invalid request block size: 21584 (max 4096)...skip
invalid request block size: 21584 (max 4096)...skip
invalid request block size: 21584 (max 4096)...skip
invalid request block size: 21584 (max 4096)...skip
invalid request block size: 21584 (max 4096)...skip
invalid request block size: 21584 (max 4096)...skip
invalid request block size: 21584 (max 4096)...skip
invalid request block size: 21584 (max 4096)...skip
invalid request block size: 21584 (max 4096)...skip
invalid request block size: 21584 (max 4096)...skip
invalid request block size: 21584 (max 4096)...skip
invalid request block size: 21584 (max 4096)...skip
invalid request block size: 21584 (max 4096)...skip
invalid request block size: 21584 (max 4096)...skip
invalid request block size: 21584 (max 4096)...skip
invalid request block size: 21584 (max 4096)...skip
invalid request block size: 21584 (max 4096)...skip
invalid request block size: 21584 (max 4096)...skip
invalid request block size: 21584 (max 4096)...skip
[pid: 28394|app: 0|req: 11/11] 127.0.0.1 () {44 vars in 768 bytes} [Tue Nov 12 00:09:14 2019] GET /index/ => generated 4421 bytes in 0 msecs (HTTP/1.1 200) 3 headers in 110 bytes (1 switches on core 1)
invalid request block size: 21584 (max 4096)...skip
invalid request block size: 21584 (max 4096)...skip
invalid request block size: 21584 (max 4096)...skip
invalid request block size: 21584 (max 4096)...skip
invalid request block size: 21584 (max 4096)...skip
invalid request block size: 21584 (max 4096)...skip
invalid request block size: 21584 (max 4096)...skip
invalid request block size: 21584 (max 4096)...skip
invalid request block size: 21584 (max 4096)...skip
invalid request block size: 21584 (max 4096)...skip
[pid: 28394|app: 0|req: 12/12] 127.0.0.1 () {44 vars in 768 bytes} [Tue Nov 12 00:09:22 2019] GET /index/ => generated 4421 bytes in 0 msecs (HTTP/1.1 200) 3 headers in 110 bytes (1 switches on core 0)
invalid request block size: 21584 (max 4096)...skip
invalid request block size: 21584 (max 4096)...skip
invalid request block size: 21584 (max 4096)...skip
invalid request block size: 21584 (max 4096)...skip
invalid request block size: 21584 (max 4096)...skip
invalid request block size: 21584 (max 4096)...skip
invalid request block size: 21584 (max 4096)...skip
invalid request block size: 21584 (max 4096)...skip
invalid request block size: 21584 (max 4096)...skip
invalid request block size: 21584 (max 4096)...skip
[pid: 28394|app: 0|req: 13/13] 127.0.0.1 () {44 vars in 768 bytes} [Tue Nov 12 00:09:33 2019] GET /index/ => generated 4421 bytes in 0 msecs (HTTP/1.1 200) 3 headers in 110 bytes (1 switches on core 1)
invalid request block size: 21584 (max 4096)...skip
invalid request block size: 21584 (max 4096)...skip
invalid request block size: 21584 (max 4096)...skip
invalid request block size: 21584 (max 4096)...skip
invalid request block size: 21584 (max 4096)...skip
invalid request block size: 21584 (max 4096)...skip
invalid request block size: 21584 (max 4096)...skip
invalid request block size: 21584 (max 4096)...skip
invalid request block size: 21584 (max 4096)...skip
invalid request block size: 21584 (max 4096)...skip
